<?xml version="1.0" encoding="UTF-8"?>
<TestRun id="6824a685-b5b7-4224-8817-ecef1f22eb02" name="zia@ZIA-PC 2015-03-24 10:24:23" runUser="zia-PC\zia" xmlns="http://microsoft.com/schemas/VisualStudio/TeamTest/2010">
  <TestSettings name="Default Test Settings" id="83256ac2-5da6-45c7-a7e1-2b797c5cf68b">
    <Deployment runDeploymentRoot="zia_ZIA-PC 2015-03-24 10_24_23">
      <DeploymentItem filename="C:\Users\zia\Documents\GitHub\Mvc4Learning1\packages\Microsoft.AspNet.WebPages.2.0.20710.0\lib\net40\System.Web.WebPages.Razor.dll" />
      <DeploymentItem filename="C:\Users\zia\Documents\GitHub\Mvc4Learning1\packages\Microsoft.AspNet.WebApi.Core.4.0.20710.0\lib\net40\System.Web.Http.dll" />
      <DeploymentItem filename="C:\Users\zia\Documents\GitHub\Mvc4Learning1\packages\Microsoft.Net.Http.2.0.20710.0\lib\net40\System.Net.Http.WebRequest.dll" />
      <DeploymentItem filename="C:\Users\zia\Documents\GitHub\Mvc4Learning1\Sudent.BusinessRepository\bin\Debug\Sudent.BusinessRepository.dll" />
      <DeploymentItem filename="C:\Users\zia\Documents\GitHub\Mvc4Learning1\packages\Newtonsoft.Json.4.5.6\lib\net40\Newtonsoft.Json.dll" />
      <DeploymentItem filename="C:\Users\zia\Documents\GitHub\Mvc4Learning1\packages\Moq.4.2.1502.0911\lib\net40\Moq.dll" />
      <DeploymentItem filename="C:\Users\zia\Documents\GitHub\Mvc4Learning1\packages\Microsoft.Web.Infrastructure.1.0.0.0\lib\net40\Microsoft.Web.Infrastructure.dll" />
      <DeploymentItem filename="C:\Users\zia\Documents\GitHub\Mvc4Learning1\packages\Microsoft.AspNet.WebPages.2.0.20710.0\lib\net40\System.Web.Helpers.dll" />
      <DeploymentItem filename="C:\Users\zia\Documents\GitHub\Mvc4Learning1\Mvc4App1\bin\Mvc4App1.dll" />
      <DeploymentItem filename="C:\Users\zia\Documents\GitHub\Mvc4Learning1\packages\EntityFramework.6.1.3\lib\net40\EntityFramework.dll" />
      <DeploymentItem filename="C:\Users\zia\Documents\GitHub\Mvc4Learning1\packages\Microsoft.AspNet.Razor.2.0.20710.0\lib\net40\System.Web.Razor.dll" />
      <DeploymentItem filename="C:\Users\zia\Documents\GitHub\Mvc4Learning1\packages\Microsoft.AspNet.Mvc.4.0.20710.0\lib\net40\System.Web.Mvc.dll" />
      <DeploymentItem filename="C:\Users\zia\Documents\GitHub\Mvc4Learning1\packages\Microsoft.AspNet.WebApi.WebHost.4.0.20710.0\lib\net40\System.Web.Http.WebHost.dll" />
      <DeploymentItem filename="C:\Users\zia\Documents\GitHub\Mvc4Learning1\Student.Interface\bin\Debug\Student.Interface.dll" />
      <DeploymentItem filename="C:\Users\zia\Documents\GitHub\Mvc4Learning1\packages\Microsoft.AspNet.WebPages.2.0.20710.0\lib\net40\System.Web.WebPages.dll" />
      <DeploymentItem filename="C:\Users\zia\Documents\GitHub\Mvc4Learning1\packages\EntityFramework.6.1.3\lib\net40\EntityFramework.SqlServer.dll" />
      <DeploymentItem filename="C:\Users\zia\Documents\GitHub\Mvc4Learning1\packages\Microsoft.AspNet.WebPages.2.0.20710.0\lib\net40\System.Web.WebPages.Deployment.dll" />
      <DeploymentItem filename="C:\Users\zia\Documents\GitHub\Mvc4Learning1\packages\Microsoft.Net.Http.2.0.20710.0\lib\net40\System.Net.Http.dll" />
      <DeploymentItem filename="C:\Users\zia\Documents\GitHub\Mvc4Learning1\packages\Microsoft.AspNet.WebApi.Client.4.0.20710.0\lib\net40\System.Net.Http.Formatting.dll" />
    </Deployment>
    <Execution>
      <TestTypeSpecific />
      <AgentRule name="Execution Agents">
      </AgentRule>
    </Execution>
  </TestSettings>
  <Times creation="2015-03-24T10:24:23.4908279-07:00" queuing="2015-03-24T10:24:46.9861717-07:00" start="2015-03-24T10:24:47.5072015-07:00" finish="2015-03-24T10:25:15.8848246-07:00" />
  <ResultSummary outcome="Warning">
    <Counters total="4" executed="4" passed="4" error="0" failed="0" timeout="0" aborted="0" inconclusive="0" passedButRunAborted="0" notRunnable="0" notExecuted="0" disconnected="0" warning="0" completed="0" inProgress="0" pending="0" />
    <RunInfos>
      <RunInfo computerName="ZIA-PC" outcome="Warning" timestamp="2015-03-24T10:24:40.4337970-07:00">
        <Text>Warning: Test Run deployment issue: The assembly or module 'log4net' directly or indirectly referenced by the test container 'c:\users\zia\documents\github\mvc4learning1\mvc4app1.tests\bin\debug\mvc4app1.tests.dll' was not found.</Text>
      </RunInfo>
      <RunInfo computerName="ZIA-PC" outcome="Warning" timestamp="2015-03-24T10:24:40.4347970-07:00">
        <Text>Warning: Test Run deployment issue: The assembly or module 'Org.Mentalis.Security.Cryptography' directly or indirectly referenced by the test container 'c:\users\zia\documents\github\mvc4learning1\mvc4app1.tests\bin\debug\mvc4app1.tests.dll' was not found.</Text>
      </RunInfo>
    </RunInfos>
  </ResultSummary>
  <TestDefinitions>
    <UnitTest name="Index" storage="c:\users\zia\documents\github\mvc4learning1\mvc4app1.tests\bin\debug\mvc4app1.tests.dll" id="bbcaee7e-e82e-31d7-3ab0-a933eac27909">
      <Execution id="f4e801e2-ff6c-4830-ae7e-52aff6a1a191" />
      <TestMethod codeBase="C:/Users/zia/Documents/GitHub/Mvc4Learning1/Mvc4App1.Tests/bin/Debug/Mvc4App1.Tests.DLL" adapterTypeName="Microsoft.VisualStudio.TestTools.TestTypes.Unit.UnitTestAdapter, Microsoft.VisualStudio.QualityTools.Tips.UnitTest.Adapter, Version=10.0.0.0, Culture=neutral, PublicKeyToken=b03f5f7f11d50a3a" className="Mvc4App1.Tests.Controllers.StudentControllerTest, Mvc4App1.Tests, Version=1.0.0.0, Culture=neutral, PublicKeyToken=null" name="Index" />
    </UnitTest>
    <UnitTest name="Index" storage="c:\users\zia\documents\github\mvc4learning1\mvc4app1.tests\bin\debug\mvc4app1.tests.dll" id="d087fcd1-5a9c-1255-5ef8-de2580357f4e">
      <Execution id="f954c33a-3d38-423a-9b92-b5babb63ea86" />
      <TestMethod codeBase="C:/Users/zia/Documents/GitHub/Mvc4Learning1/Mvc4App1.Tests/bin/Debug/Mvc4App1.Tests.DLL" adapterTypeName="Microsoft.VisualStudio.TestTools.TestTypes.Unit.UnitTestAdapter, Microsoft.VisualStudio.QualityTools.Tips.UnitTest.Adapter, Version=10.0.0.0, Culture=neutral, PublicKeyToken=b03f5f7f11d50a3a" className="Mvc4App1.Tests.Controllers.HomeControllerTest, Mvc4App1.Tests, Version=1.0.0.0, Culture=neutral, PublicKeyToken=null" name="Index" />
    </UnitTest>
    <UnitTest name="Contact" storage="c:\users\zia\documents\github\mvc4learning1\mvc4app1.tests\bin\debug\mvc4app1.tests.dll" id="ad1631b3-832c-a657-1b55-d9624f4fee83">
      <Execution id="235ba175-62e5-45c1-8418-c37556a62e1a" />
      <TestMethod codeBase="C:/Users/zia/Documents/GitHub/Mvc4Learning1/Mvc4App1.Tests/bin/Debug/Mvc4App1.Tests.DLL" adapterTypeName="Microsoft.VisualStudio.TestTools.TestTypes.Unit.UnitTestAdapter, Microsoft.VisualStudio.QualityTools.Tips.UnitTest.Adapter, Version=10.0.0.0, Culture=neutral, PublicKeyToken=b03f5f7f11d50a3a" className="Mvc4App1.Tests.Controllers.HomeControllerTest, Mvc4App1.Tests, Version=1.0.0.0, Culture=neutral, PublicKeyToken=null" name="Contact" />
    </UnitTest>
    <UnitTest name="About" storage="c:\users\zia\documents\github\mvc4learning1\mvc4app1.tests\bin\debug\mvc4app1.tests.dll" id="37a8f782-50e3-9b75-0389-b1e91c0d71d6">
      <Execution id="16ee7754-c14a-41bd-bd65-f6a4377af3cc" />
      <TestMethod codeBase="C:/Users/zia/Documents/GitHub/Mvc4Learning1/Mvc4App1.Tests/bin/Debug/Mvc4App1.Tests.DLL" adapterTypeName="Microsoft.VisualStudio.TestTools.TestTypes.Unit.UnitTestAdapter, Microsoft.VisualStudio.QualityTools.Tips.UnitTest.Adapter, Version=10.0.0.0, Culture=neutral, PublicKeyToken=b03f5f7f11d50a3a" className="Mvc4App1.Tests.Controllers.HomeControllerTest, Mvc4App1.Tests, Version=1.0.0.0, Culture=neutral, PublicKeyToken=null" name="About" />
    </UnitTest>
  </TestDefinitions>
  <TestLists>
    <TestList name="Results Not in a List" id="8c84fa94-04c1-424b-9868-57a2d4851a1d" />
    <TestList name="All Loaded Results" id="19431567-8539-422a-85d7-44ee4e166bda" />
  </TestLists>
  <TestEntries>
    <TestEntry testId="d087fcd1-5a9c-1255-5ef8-de2580357f4e" executionId="f954c33a-3d38-423a-9b92-b5babb63ea86" testListId="8c84fa94-04c1-424b-9868-57a2d4851a1d" />
    <TestEntry testId="37a8f782-50e3-9b75-0389-b1e91c0d71d6" executionId="16ee7754-c14a-41bd-bd65-f6a4377af3cc" testListId="8c84fa94-04c1-424b-9868-57a2d4851a1d" />
    <TestEntry testId="ad1631b3-832c-a657-1b55-d9624f4fee83" executionId="235ba175-62e5-45c1-8418-c37556a62e1a" testListId="8c84fa94-04c1-424b-9868-57a2d4851a1d" />
    <TestEntry testId="bbcaee7e-e82e-31d7-3ab0-a933eac27909" executionId="f4e801e2-ff6c-4830-ae7e-52aff6a1a191" testListId="8c84fa94-04c1-424b-9868-57a2d4851a1d" />
  </TestEntries>
  <Results>
    <UnitTestResult executionId="f954c33a-3d38-423a-9b92-b5babb63ea86" testId="d087fcd1-5a9c-1255-5ef8-de2580357f4e" testName="Index" computerName="ZIA-PC" duration="00:00:02.1408366" startTime="2015-03-24T10:24:47.9242254-07:00" endTime="2015-03-24T10:24:52.0564617-07:00" testType="13cdc9d9-ddb5-4fa4-a97d-d965ccfc6d4b" outcome="Passed" testListId="8c84fa94-04c1-424b-9868-57a2d4851a1d" relativeResultsDirectory="f954c33a-3d38-423a-9b92-b5babb63ea86">
    </UnitTestResult>
    <UnitTestResult executionId="16ee7754-c14a-41bd-bd65-f6a4377af3cc" testId="37a8f782-50e3-9b75-0389-b1e91c0d71d6" testName="About" computerName="ZIA-PC" duration="00:00:00.0507994" startTime="2015-03-24T10:24:52.0654623-07:00" endTime="2015-03-24T10:24:52.1264657-07:00" testType="13cdc9d9-ddb5-4fa4-a97d-d965ccfc6d4b" outcome="Passed" testListId="8c84fa94-04c1-424b-9868-57a2d4851a1d" relativeResultsDirectory="16ee7754-c14a-41bd-bd65-f6a4377af3cc">
    </UnitTestResult>
    <UnitTestResult executionId="235ba175-62e5-45c1-8418-c37556a62e1a" testId="ad1631b3-832c-a657-1b55-d9624f4fee83" testName="Contact" computerName="ZIA-PC" duration="00:00:00.0502101" startTime="2015-03-24T10:24:52.1414666-07:00" endTime="2015-03-24T10:24:52.2014700-07:00" testType="13cdc9d9-ddb5-4fa4-a97d-d965ccfc6d4b" outcome="Passed" testListId="8c84fa94-04c1-424b-9868-57a2d4851a1d" relativeResultsDirectory="235ba175-62e5-45c1-8418-c37556a62e1a">
    </UnitTestResult>
    <UnitTestResult executionId="f4e801e2-ff6c-4830-ae7e-52aff6a1a191" testId="bbcaee7e-e82e-31d7-3ab0-a933eac27909" testName="Index" computerName="ZIA-PC" duration="00:00:21.7043907" startTime="2015-03-24T10:24:52.2304717-07:00" endTime="2015-03-24T10:25:13.9437136-07:00" testType="13cdc9d9-ddb5-4fa4-a97d-d965ccfc6d4b" outcome="Passed" testListId="8c84fa94-04c1-424b-9868-57a2d4851a1d" relativeResultsDirectory="f4e801e2-ff6c-4830-ae7e-52aff6a1a191">
    </UnitTestResult>
  </Results>
</TestRun>